<?xml version="1.0" encoding="UTF-8"?>
<testng-results skipped="0" failed="0" ignored="0" total="1" passed="1">
  <reporter-output>
  </reporter-output>
  <suite name="Default suite" duration-ms="74879" started-at="2020-05-22T17:14:39Z" finished-at="2020-05-22T17:15:54Z">
    <groups>
    </groups>
    <test name="Default test" duration-ms="74879" started-at="2020-05-22T17:14:39Z" finished-at="2020-05-22T17:15:54Z">
      <class name="com.inetbanking.testCases.TC_001_WebPage">
        <test-method status="PASS" signature="openBrowser()[pri:0, instance:com.inetbanking.testCases.TC_001_WebPage@57baeedf]" name="openBrowser" is-config="true" duration-ms="71260" started-at="2020-05-22T17:14:39Z" finished-at="2020-05-22T17:15:50Z">
          <reporter-output>
          </reporter-output>
        </test-method> <!-- openBrowser -->
        <test-method status="PASS" signature="pageopen()[pri:0, instance:com.inetbanking.testCases.TC_001_WebPage@57baeedf]" name="pageopen" duration-ms="213" started-at="2020-05-22T17:15:50Z" finished-at="2020-05-22T17:15:50Z">
          <reporter-output>
          </reporter-output>
        </test-method> <!-- pageopen -->
        <test-method status="PASS" signature="closebrowser()[pri:0, instance:com.inetbanking.testCases.TC_001_WebPage@57baeedf]" name="closebrowser" is-config="true" duration-ms="3328" started-at="2020-05-22T17:15:50Z" finished-at="2020-05-22T17:15:54Z">
          <reporter-output>
          </reporter-output>
        </test-method> <!-- closebrowser -->
      </class> <!-- com.inetbanking.testCases.TC_001_WebPage -->
    </test> <!-- Default test -->
  </suite> <!-- Default suite -->
</testng-results>
