<?xml version="1.0" encoding="UTF-8"?>
<!-- Generated by org.testng.reporters.JUnitXMLReporter -->
<testsuite hostname="DESKTOP-2E5HKGD" ignored="2" name="Default test" tests="1" failures="0" timestamp="20 Apr 2018 08:45:14 GMT" time="146.311" errors="0">
  <testcase name="test" time="83.359" classname="testcase.Testcase"/>
  <testcase name="@BeforeTest Beforetest" time="0.0" classname="base.openBrowser">
    <ignored/>
  </testcase> <!-- @BeforeTest Beforetest -->
  <testcase name="@AfterTest Aftertest" time="0.0" classname="base.openBrowser">
    <ignored/>
  </testcase> <!-- @AfterTest Aftertest -->
</testsuite> <!-- Default test -->
