<?xml version="1.0" encoding="UTF-8"?>
<!-- Generated by org.testng.reporters.JUnitXMLReporter -->
<testsuite hostname="DESKTOP-2E5HKGD" ignored="0" name="Test" tests="1" failures="1" timestamp="14 Aug 2020 18:15:08 GMT" time="0.072" errors="0">
  <testcase name="title" time="0.018" classname="thetestingworld.browser.OpenBrowser">
    <failure type="java.lang.NullPointerException">
      <![CDATA[java.lang.NullPointerException
at thetestingworld.browser.OpenBrowser.title(OpenBrowser.java:21)
... Removed 25 stack frames]]>
    </failure>
  </testcase> <!-- title -->
</testsuite> <!-- Test -->
